Flow report for add_half
Mon Sep 03 18:06:16 2007
Quartus II Version 7.1 Build 178 06/25/2007 Service Pack 1 SJ Web Edition


---------------------
; Table of Contents ;
---------------------
  1. Legal Notice
  2. Flow Summary
  3. Flow Settings
  4. Flow Non-Default Global Settings
  5. Flow Elapsed Time
  6. Flow Log



----------------
; Legal Notice ;
----------------
Copyright (C) 1991-2007 Altera Corporation
Your use of Altera Corporation's design tools, logic functions 
and other software and tools, and its AMPP partner logic 
functions, and any output files from any of the foregoing 
(including device programming or simulation files), and any 
associated documentation or information are expressly subject 
to the terms and conditions of the Altera Program License 
Subscription Agreement, Altera MegaCore Function License 
Agreement, or other applicable license agreement, including, 
without limitation, that your use is for the sole purpose of 
programming logic devices manufactured by Altera and sold by 
Altera or its authorized distributors.  Please refer to the 
applicable agreement for further details.



+------------------------------------------------------------------------+
; Flow Summary                                                           ;
+-------------------------+----------------------------------------------+
; Flow Status             ; Successful - Mon Sep 03 18:06:16 2007        ;
; Quartus II Version      ; 7.1 Build 178 06/25/2007 SP 1 SJ Web Edition ;
; Revision Name           ; add_half                                     ;
; Top-level Entity Name   ; add_half                                     ;
; Family                  ; FLEX10K                                      ;
; Device                  ; EPF10K10TC144-4                              ;
; Timing Models           ; Final                                        ;
; Met timing requirements ; Yes                                          ;
; Total logic elements    ; 2 / 576 ( < 1 % )                            ;
; Total pins              ; 4 / 102 ( 4 % )                              ;
; Total memory bits       ; 0 / 6,144 ( 0 % )                            ;
+-------------------------+----------------------------------------------+


+-----------------------------------------+
; Flow Settings                           ;
+-------------------+---------------------+
; Option            ; Setting             ;
+-------------------+---------------------+
; Start date & time ; 09/03/2007 18:05:54 ;
; Main task         ; Compilation         ;
; Revision Name     ; add_half            ;
+-------------------+---------------------+


+-------------------------------------------------------------------------------------------+
; Flow Non-Default Global Settings                                                          ;
+-------------------------+-------+------------------------------+-------------+------------+
; Assignment Name         ; Value ; Default Value                ; Entity Name ; Section Id ;
+-------------------------+-------+------------------------------+-------------+------------+
; INCREMENTAL_COMPILATION ; Off   ; FULL_INCREMENTAL_COMPILATION ; --          ; --         ;
+-------------------------+-------+------------------------------+-------------+------------+


+----------------------------------------+
; Flow Elapsed Time                      ;
+-------------------------+--------------+
; Module Name             ; Elapsed Time ;
+-------------------------+--------------+
; Analysis & Synthesis    ; 00:00:02     ;
; Fitter                  ; 00:00:03     ;
; Assembler               ; 00:00:05     ;
; Classic Timing Analyzer ; 00:00:01     ;
; Total                   ; 00:00:11     ;
+-------------------------+--------------+


------------
; Flow Log ;
------------
quartus_map --read_settings_files=on --write_settings_files=off add_half -c add_half
quartus_fit --read_settings_files=off --write_settings_files=off add_half -c add_half
quartus_asm --read_settings_files=off --write_settings_files=off add_half -c add_half
quartus_tan --read_settings_files=off --write_settings_files=off add_half -c add_half



